<?xml version="1.0" encoding="UTF-8"?>
<testsuite name="com.jojoidu.book.springboot.web.HelloControllerTest" tests="2" skipped="0" failures="0" errors="0" timestamp="2020-07-02T14:53:53" hostname="DESKTOP-9VGBU60" time="0.049">
  <properties/>
  <testcase name="hello가_리턴된다" classname="com.jojoidu.book.springboot.web.HelloControllerTest" time="0.015"/>
  <testcase name="helloDto가_리턴된다" classname="com.jojoidu.book.springboot.web.HelloControllerTest" time="0.033"/>
  <system-out><![CDATA[2020-07-02 23:53:52.397  INFO 21608 --- [    Test worker] .b.t.a.w.s.WebMvcTestContextBootstrapper : Neither @ContextConfiguration nor @ContextHierarchy found for test class [com.jojoidu.book.springboot.web.HelloControllerTest], using SpringBootContextLoader
2020-07-02 23:53:52.399  INFO 21608 --- [    Test worker] o.s.t.c.support.AbstractContextLoader    : Could not detect default resource locations for test class [com.jojoidu.book.springboot.web.HelloControllerTest]: no resource found for suffixes {-context.xml, Context.groovy}.
2020-07-02 23:53:52.402  INFO 21608 --- [    Test worker] t.c.s.AnnotationConfigContextLoaderUtils : Could not detect default configuration classes for test class [com.jojoidu.book.springboot.web.HelloControllerTest]: HelloControllerTest does not declare any static, non-private, non-final, nested classes annotated with @Configuration.
2020-07-02 23:53:52.423  INFO 21608 --- [    Test worker] .b.t.c.SpringBootTestContextBootstrapper : Found @SpringBootConfiguration com.jojoidu.book.springboot.Application for test class com.jojoidu.book.springboot.web.HelloControllerTest
2020-07-02 23:53:52.424  INFO 21608 --- [    Test worker] .b.t.a.w.s.WebMvcTestContextBootstrapper : Loaded default TestExecutionListener class names from location [META-INF/spring.factories]: [org.springframework.security.test.context.support.WithSecurityContextTestExecutionListener, org.springframework.security.test.context.support.ReactorContextTestExecutionListener, org.springframework.boot.test.autoconfigure.restdocs.RestDocsTestExecutionListener, org.springframework.boot.test.autoconfigure.web.client.MockRestServiceServerResetTestExecutionListener, org.springframework.boot.test.autoconfigure.web.servlet.MockMvcPrintOnlyOnFailureTestExecutionListener, org.springframework.boot.test.autoconfigure.web.servlet.WebDriverTestExecutionListener, org.springframework.boot.test.mock.mockito.MockitoTestExecutionListener, org.springframework.boot.test.mock.mockito.ResetMocksTestExecutionListener, org.springframework.test.context.web.ServletTestExecutionListener, org.springframework.test.context.support.DirtiesContextBeforeModesTestExecutionListener, org.springframework.test.context.support.DependencyInjectionTestExecutionListener, org.springframework.test.context.support.DirtiesContextTestExecutionListener, org.springframework.test.context.transaction.TransactionalTestExecutionListener, org.springframework.test.context.jdbc.SqlScriptsTestExecutionListener]
2020-07-02 23:53:52.425  INFO 21608 --- [    Test worker] .b.t.a.w.s.WebMvcTestContextBootstrapper : Using TestExecutionListeners: [org.springframework.test.context.web.ServletTestExecutionListener@7a85d2d9, org.springframework.test.context.support.DirtiesContextBeforeModesTestExecutionListener@6bd28c87, org.springframework.boot.test.mock.mockito.MockitoTestExecutionListener@d8edbe9, org.springframework.boot.test.autoconfigure.SpringBootDependencyInjectionTestExecutionListener@45b8769, org.springframework.test.context.support.DirtiesContextTestExecutionListener@509c9e21, org.springframework.test.context.transaction.TransactionalTestExecutionListener@2f559601, org.springframework.test.context.jdbc.SqlScriptsTestExecutionListener@547f5191, org.springframework.security.test.context.support.WithSecurityContextTestExecutionListener@c47f4b8, org.springframework.security.test.context.support.ReactorContextTestExecutionListener@389e0e87, org.springframework.boot.test.autoconfigure.restdocs.RestDocsTestExecutionListener@3bf8620b, org.springframework.boot.test.autoconfigure.web.client.MockRestServiceServerResetTestExecutionListener@15a54f3c, org.springframework.boot.test.autoconfigure.web.servlet.MockMvcPrintOnlyOnFailureTestExecutionListener@26748b04, org.springframework.boot.test.autoconfigure.web.servlet.WebDriverTestExecutionListener@6ed6437b, org.springframework.boot.test.mock.mockito.ResetMocksTestExecutionListener@16c68c90]

  .   ____          _            __ _ _
 /\\ / ___'_ __ _ _(_)_ __  __ _ \ \ \ \
( ( )\___ | '_ | '_| | '_ \/ _` | \ \ \ \
 \\/  ___)| |_)| | | | | || (_| |  ) ) ) )
  '  |____| .__|_| |_|_| |_\__, | / / / /
 =========|_|==============|___/=/_/_/_/
 :: Spring Boot ::        (v2.1.9.RELEASE)

2020-07-02 23:53:52.486  INFO 21608 --- [    Test worker] c.j.b.s.web.HelloControllerTest          : Starting HelloControllerTest on DESKTOP-9VGBU60 with PID 21608 (started by rainb in D:\springbootT)
2020-07-02 23:53:52.488  INFO 21608 --- [    Test worker] c.j.b.s.web.HelloControllerTest          : No active profile set, falling back to default profiles: default
2020-07-02 23:53:52.984  INFO 21608 --- [    Test worker] o.s.s.concurrent.ThreadPoolTaskExecutor  : Initializing ExecutorService 'applicationTaskExecutor'
2020-07-02 23:53:53.017  INFO 21608 --- [    Test worker] o.s.b.a.w.s.WelcomePageHandlerMapping    : Adding welcome page template: index
2020-07-02 23:53:53.227  INFO 21608 --- [    Test worker] .s.s.UserDetailsServiceAutoConfiguration : 

Using generated security password: ead3fa3d-6b8f-4a0a-9731-a21308caae01

2020-07-02 23:53:53.367  INFO 21608 --- [    Test worker] o.s.s.web.DefaultSecurityFilterChain     : Creating filter chain: any request, [org.springframework.security.web.context.request.async.WebAsyncManagerIntegrationFilter@114325e6, org.springframework.security.web.context.SecurityContextPersistenceFilter@1ac08efc, org.springframework.security.web.header.HeaderWriterFilter@4a0572a2, org.springframework.security.web.csrf.CsrfFilter@27a5af4b, org.springframework.security.web.authentication.logout.LogoutFilter@6a47462d, org.springframework.security.web.authentication.UsernamePasswordAuthenticationFilter@3dc11b82, org.springframework.security.web.authentication.ui.DefaultLoginPageGeneratingFilter@1ade9771, org.springframework.security.web.authentication.ui.DefaultLogoutPageGeneratingFilter@6920eb1a, org.springframework.security.web.authentication.www.BasicAuthenticationFilter@79b9fa64, org.springframework.security.web.savedrequest.RequestCacheAwareFilter@39278072, org.springframework.security.web.servletapi.SecurityContextHolderAwareRequestFilter@58567596, org.springframework.security.web.authentication.AnonymousAuthenticationFilter@5f7c5680, org.springframework.security.web.session.SessionManagementFilter@4050435e, org.springframework.security.web.access.ExceptionTranslationFilter@6248218f, org.springframework.security.web.access.intercept.FilterSecurityInterceptor@5860bdfc]
2020-07-02 23:53:53.385  INFO 21608 --- [    Test worker] o.s.b.t.m.w.SpringBootMockServletContext : Initializing Spring TestDispatcherServlet ''
2020-07-02 23:53:53.386  INFO 21608 --- [    Test worker] o.s.t.web.servlet.TestDispatcherServlet  : Initializing Servlet ''
2020-07-02 23:53:53.387  INFO 21608 --- [    Test worker] o.s.t.web.servlet.TestDispatcherServlet  : Completed initialization in 1 ms
2020-07-02 23:53:53.416  INFO 21608 --- [    Test worker] c.j.b.s.web.HelloControllerTest          : Started HelloControllerTest in 0.98 seconds (JVM running for 10.359)
]]></system-out>
  <system-err><![CDATA[]]></system-err>
</testsuite>
