<?xml version="1.0" encoding="UTF-8"?>
<testsuite name="com.jojoidu.book.springboot.web.HelloControllerTest" tests="2" skipped="0" failures="0" errors="0" timestamp="2020-06-30T13:50:56" hostname="DESKTOP-9VGBU60" time="0.056">
  <properties/>
  <testcase name="hello가_리턴된다" classname="com.jojoidu.book.springboot.web.HelloControllerTest" time="0.016"/>
  <testcase name="helloDto가_리턴된다" classname="com.jojoidu.book.springboot.web.HelloControllerTest" time="0.039"/>
  <system-out><![CDATA[2020-06-30 22:50:55.604  INFO 21420 --- [    Test worker] .b.t.a.w.s.WebMvcTestContextBootstrapper : Neither @ContextConfiguration nor @ContextHierarchy found for test class [com.jojoidu.book.springboot.web.HelloControllerTest], using SpringBootContextLoader
2020-06-30 22:50:55.605  INFO 21420 --- [    Test worker] o.s.t.c.support.AbstractContextLoader    : Could not detect default resource locations for test class [com.jojoidu.book.springboot.web.HelloControllerTest]: no resource found for suffixes {-context.xml, Context.groovy}.
2020-06-30 22:50:55.605  INFO 21420 --- [    Test worker] t.c.s.AnnotationConfigContextLoaderUtils : Could not detect default configuration classes for test class [com.jojoidu.book.springboot.web.HelloControllerTest]: HelloControllerTest does not declare any static, non-private, non-final, nested classes annotated with @Configuration.
2020-06-30 22:50:55.625  INFO 21420 --- [    Test worker] .b.t.c.SpringBootTestContextBootstrapper : Found @SpringBootConfiguration com.jojoidu.book.springboot.Application for test class com.jojoidu.book.springboot.web.HelloControllerTest
2020-06-30 22:50:55.626  INFO 21420 --- [    Test worker] .b.t.a.w.s.WebMvcTestContextBootstrapper : Loaded default TestExecutionListener class names from location [META-INF/spring.factories]: [org.springframework.security.test.context.support.WithSecurityContextTestExecutionListener, org.springframework.security.test.context.support.ReactorContextTestExecutionListener, org.springframework.boot.test.autoconfigure.restdocs.RestDocsTestExecutionListener, org.springframework.boot.test.autoconfigure.web.client.MockRestServiceServerResetTestExecutionListener, org.springframework.boot.test.autoconfigure.web.servlet.MockMvcPrintOnlyOnFailureTestExecutionListener, org.springframework.boot.test.autoconfigure.web.servlet.WebDriverTestExecutionListener, org.springframework.boot.test.mock.mockito.MockitoTestExecutionListener, org.springframework.boot.test.mock.mockito.ResetMocksTestExecutionListener, org.springframework.test.context.web.ServletTestExecutionListener, org.springframework.test.context.support.DirtiesContextBeforeModesTestExecutionListener, org.springframework.test.context.support.DependencyInjectionTestExecutionListener, org.springframework.test.context.support.DirtiesContextTestExecutionListener, org.springframework.test.context.transaction.TransactionalTestExecutionListener, org.springframework.test.context.jdbc.SqlScriptsTestExecutionListener]
2020-06-30 22:50:55.627  INFO 21420 --- [    Test worker] .b.t.a.w.s.WebMvcTestContextBootstrapper : Using TestExecutionListeners: [org.springframework.test.context.web.ServletTestExecutionListener@6576bbfd, org.springframework.test.context.support.DirtiesContextBeforeModesTestExecutionListener@168b2ae4, org.springframework.boot.test.mock.mockito.MockitoTestExecutionListener@16134023, org.springframework.boot.test.autoconfigure.SpringBootDependencyInjectionTestExecutionListener@4b2fd602, org.springframework.test.context.support.DirtiesContextTestExecutionListener@1b5635c9, org.springframework.test.context.transaction.TransactionalTestExecutionListener@5445e04d, org.springframework.test.context.jdbc.SqlScriptsTestExecutionListener@585bb0be, org.springframework.security.test.context.support.WithSecurityContextTestExecutionListener@6d71f271, org.springframework.security.test.context.support.ReactorContextTestExecutionListener@47237a6b, org.springframework.boot.test.autoconfigure.restdocs.RestDocsTestExecutionListener@3c9fad4a, org.springframework.boot.test.autoconfigure.web.client.MockRestServiceServerResetTestExecutionListener@39443427, org.springframework.boot.test.autoconfigure.web.servlet.MockMvcPrintOnlyOnFailureTestExecutionListener@5b44ab04, org.springframework.boot.test.autoconfigure.web.servlet.WebDriverTestExecutionListener@7686225, org.springframework.boot.test.mock.mockito.ResetMocksTestExecutionListener@465c6a7f]

  .   ____          _            __ _ _
 /\\ / ___'_ __ _ _(_)_ __  __ _ \ \ \ \
( ( )\___ | '_ | '_| | '_ \/ _` | \ \ \ \
 \\/  ___)| |_)| | | | | || (_| |  ) ) ) )
  '  |____| .__|_| |_|_| |_\__, | / / / /
 =========|_|==============|___/=/_/_/_/
 :: Spring Boot ::        (v2.1.9.RELEASE)

2020-06-30 22:50:55.705  INFO 21420 --- [    Test worker] c.j.b.s.web.HelloControllerTest          : Starting HelloControllerTest on DESKTOP-9VGBU60 with PID 21420 (started by rainb in D:\springbootT)
2020-06-30 22:50:55.707  INFO 21420 --- [    Test worker] c.j.b.s.web.HelloControllerTest          : No active profile set, falling back to default profiles: default
2020-06-30 22:50:56.240  INFO 21420 --- [    Test worker] o.s.s.concurrent.ThreadPoolTaskExecutor  : Initializing ExecutorService 'applicationTaskExecutor'
2020-06-30 22:50:56.288  INFO 21420 --- [    Test worker] o.s.b.a.w.s.WelcomePageHandlerMapping    : Adding welcome page template: index
2020-06-30 22:50:56.534  INFO 21420 --- [    Test worker] .s.s.UserDetailsServiceAutoConfiguration : 

Using generated security password: a046a952-367a-4d64-9ceb-1ece5dc959f1

2020-06-30 22:50:56.744  INFO 21420 --- [    Test worker] o.s.s.web.DefaultSecurityFilterChain     : Creating filter chain: any request, [org.springframework.security.web.context.request.async.WebAsyncManagerIntegrationFilter@374d1ace, org.springframework.security.web.context.SecurityContextPersistenceFilter@448b625e, org.springframework.security.web.header.HeaderWriterFilter@554c0350, org.springframework.security.web.csrf.CsrfFilter@7f720d65, org.springframework.security.web.authentication.logout.LogoutFilter@500f5788, org.springframework.security.web.authentication.UsernamePasswordAuthenticationFilter@17393fbb, org.springframework.security.web.authentication.ui.DefaultLoginPageGeneratingFilter@64553813, org.springframework.security.web.authentication.ui.DefaultLogoutPageGeneratingFilter@b156eea, org.springframework.security.web.authentication.www.BasicAuthenticationFilter@149b40e4, org.springframework.security.web.savedrequest.RequestCacheAwareFilter@3aca8128, org.springframework.security.web.servletapi.SecurityContextHolderAwareRequestFilter@f2943a2, org.springframework.security.web.authentication.AnonymousAuthenticationFilter@45c7830c, org.springframework.security.web.session.SessionManagementFilter@3aba25b9, org.springframework.security.web.access.ExceptionTranslationFilter@8dedc23, org.springframework.security.web.access.intercept.FilterSecurityInterceptor@31099708]
2020-06-30 22:50:56.760  INFO 21420 --- [    Test worker] o.s.b.t.m.w.SpringBootMockServletContext : Initializing Spring TestDispatcherServlet ''
2020-06-30 22:50:56.761  INFO 21420 --- [    Test worker] o.s.t.web.servlet.TestDispatcherServlet  : Initializing Servlet ''
2020-06-30 22:50:56.765  INFO 21420 --- [    Test worker] o.s.t.web.servlet.TestDispatcherServlet  : Completed initialization in 4 ms
2020-06-30 22:50:56.798  INFO 21420 --- [    Test worker] c.j.b.s.web.HelloControllerTest          : Started HelloControllerTest in 1.161 seconds (JVM running for 12.198)
]]></system-out>
  <system-err><![CDATA[]]></system-err>
</testsuite>
