<?xml version="1.0" encoding="UTF-8"?>
<testsuite name="com.jojoidu.book.springboot.web.IndexControllerTest" tests="1" skipped="0" failures="0" errors="0" timestamp="2020-07-02T14:53:52" hostname="DESKTOP-9VGBU60" time="0.2">
  <properties/>
  <testcase name="메인페이지_로딩" classname="com.jojoidu.book.springboot.web.IndexControllerTest" time="0.2"/>
  <system-out><![CDATA[2020-07-02 23:53:52.179  INFO 21608 --- [    Test worker] .b.t.c.SpringBootTestContextBootstrapper : Neither @ContextConfiguration nor @ContextHierarchy found for test class [com.jojoidu.book.springboot.web.IndexControllerTest], using SpringBootContextLoader
2020-07-02 23:53:52.180  INFO 21608 --- [    Test worker] o.s.t.c.support.AbstractContextLoader    : Could not detect default resource locations for test class [com.jojoidu.book.springboot.web.IndexControllerTest]: no resource found for suffixes {-context.xml, Context.groovy}.
2020-07-02 23:53:52.181  INFO 21608 --- [    Test worker] t.c.s.AnnotationConfigContextLoaderUtils : Could not detect default configuration classes for test class [com.jojoidu.book.springboot.web.IndexControllerTest]: IndexControllerTest does not declare any static, non-private, non-final, nested classes annotated with @Configuration.
2020-07-02 23:53:52.183  INFO 21608 --- [    Test worker] .b.t.c.SpringBootTestContextBootstrapper : Found @SpringBootConfiguration com.jojoidu.book.springboot.Application for test class com.jojoidu.book.springboot.web.IndexControllerTest
2020-07-02 23:53:52.185  INFO 21608 --- [    Test worker] .b.t.c.SpringBootTestContextBootstrapper : Loaded default TestExecutionListener class names from location [META-INF/spring.factories]: [org.springframework.security.test.context.support.WithSecurityContextTestExecutionListener, org.springframework.security.test.context.support.ReactorContextTestExecutionListener, org.springframework.boot.test.autoconfigure.restdocs.RestDocsTestExecutionListener, org.springframework.boot.test.autoconfigure.web.client.MockRestServiceServerResetTestExecutionListener, org.springframework.boot.test.autoconfigure.web.servlet.MockMvcPrintOnlyOnFailureTestExecutionListener, org.springframework.boot.test.autoconfigure.web.servlet.WebDriverTestExecutionListener, org.springframework.boot.test.mock.mockito.MockitoTestExecutionListener, org.springframework.boot.test.mock.mockito.ResetMocksTestExecutionListener, org.springframework.test.context.web.ServletTestExecutionListener, org.springframework.test.context.support.DirtiesContextBeforeModesTestExecutionListener, org.springframework.test.context.support.DependencyInjectionTestExecutionListener, org.springframework.test.context.support.DirtiesContextTestExecutionListener, org.springframework.test.context.transaction.TransactionalTestExecutionListener, org.springframework.test.context.jdbc.SqlScriptsTestExecutionListener]
2020-07-02 23:53:52.186  INFO 21608 --- [    Test worker] .b.t.c.SpringBootTestContextBootstrapper : Using TestExecutionListeners: [org.springframework.test.context.web.ServletTestExecutionListener@1869013e, org.springframework.test.context.support.DirtiesContextBeforeModesTestExecutionListener@6ce118c7, org.springframework.boot.test.mock.mockito.MockitoTestExecutionListener@47d3f3e5, org.springframework.boot.test.autoconfigure.SpringBootDependencyInjectionTestExecutionListener@1a483627, org.springframework.test.context.support.DirtiesContextTestExecutionListener@4a78b4a1, org.springframework.test.context.transaction.TransactionalTestExecutionListener@2ebbaa09, org.springframework.test.context.jdbc.SqlScriptsTestExecutionListener@76af38e0, org.springframework.security.test.context.support.WithSecurityContextTestExecutionListener@2d8dc11c, org.springframework.security.test.context.support.ReactorContextTestExecutionListener@225fb5b0, org.springframework.boot.test.autoconfigure.restdocs.RestDocsTestExecutionListener@5147a810, org.springframework.boot.test.autoconfigure.web.client.MockRestServiceServerResetTestExecutionListener@5e20f2e0, org.springframework.boot.test.autoconfigure.web.servlet.MockMvcPrintOnlyOnFailureTestExecutionListener@1d665d19, org.springframework.boot.test.autoconfigure.web.servlet.WebDriverTestExecutionListener@42cb8930, org.springframework.boot.test.mock.mockito.ResetMocksTestExecutionListener@2ea0be51]
2020-07-02 23:53:52.285  INFO 21608 --- [o-auto-1-exec-1] o.a.c.c.C.[Tomcat].[localhost].[/]       : Initializing Spring DispatcherServlet 'dispatcherServlet'
2020-07-02 23:53:52.285  INFO 21608 --- [o-auto-1-exec-1] o.s.web.servlet.DispatcherServlet        : Initializing Servlet 'dispatcherServlet'
2020-07-02 23:53:52.288  INFO 21608 --- [o-auto-1-exec-1] o.s.web.servlet.DispatcherServlet        : Completed initialization in 3 ms
Hibernate: select posts0_.id as id1_0_, posts0_.create_date as create_d2_0_, posts0_.modified_date as modified3_0_, posts0_.author as author4_0_, posts0_.content as content5_0_, posts0_.title as title6_0_ from posts posts0_ order by posts0_.id DESC
]]></system-out>
  <system-err><![CDATA[]]></system-err>
</testsuite>
